<?xml version="1.0" encoding="UTF-8"?>
<testng-results ignored="0" total="1" passed="1" failed="0" skipped="0">
  <reporter-output>
  </reporter-output>
  <suite started-at="2023-06-30T17:53:34 IST" name="Default suite" finished-at="2023-06-30T17:53:45 IST" duration-ms="11488">
    <groups>
    </groups>
    <test started-at="2023-06-30T17:53:34 IST" name="Default test" finished-at="2023-06-30T17:53:45 IST" duration-ms="11488">
      <class name="com.inetbanking.testCases.TC_LoginTest_001">
        <test-method is-config="true" signature="setup()[pri:0, instance:com.inetbanking.testCases.TC_LoginTest_001@a38c7fe]" started-at="2023-06-30T17:53:34 IST" name="setup" finished-at="2023-06-30T17:53:37 IST" duration-ms="2580" status="PASS">
          <reporter-output>
          </reporter-output>
        </test-method> <!-- setup -->
        <test-method signature="logTest()[pri:0, instance:com.inetbanking.testCases.TC_LoginTest_001@a38c7fe]" started-at="2023-06-30T17:53:37 IST" name="logTest" finished-at="2023-06-30T17:53:45 IST" duration-ms="8715" status="PASS">
          <reporter-output>
          </reporter-output>
        </test-method> <!-- logTest -->
        <test-method is-config="true" signature="teardown()[pri:0, instance:com.inetbanking.testCases.TC_LoginTest_001@a38c7fe]" started-at="2023-06-30T17:53:45 IST" name="teardown" finished-at="2023-06-30T17:53:45 IST" duration-ms="155" status="PASS">
          <reporter-output>
          </reporter-output>
        </test-method> <!-- teardown -->
      </class> <!-- com.inetbanking.testCases.TC_LoginTest_001 -->
    </test> <!-- Default test -->
  </suite> <!-- Default suite -->
</testng-results>
